<?xml version="1.0" encoding="UTF-8"?>
<testsuite name="dev.angzarr.client.router.CommandRejectedErrorTest" tests="4" skipped="0" failures="0" errors="0" timestamp="2026-03-10T20:30:58" hostname="DESKTOP-GJ1OCQP" time="0.001">
  <properties/>
  <testcase name="constructor_sets_reason()" classname="dev.angzarr.client.router.CommandRejectedErrorTest" time="0.0"/>
  <testcase name="constructor_with_cause_preserves_cause()" classname="dev.angzarr.client.router.CommandRejectedErrorTest" time="0.0"/>
  <testcase name="message_includes_reason()" classname="dev.angzarr.client.router.CommandRejectedErrorTest" time="0.0"/>
  <testcase name="static_factory_creates_error()" classname="dev.angzarr.client.router.CommandRejectedErrorTest" time="0.0"/>
  <system-out><![CDATA[]]></system-out>
  <system-err><![CDATA[]]></system-err>
</testsuite>
