<?xml version="1.0" encoding="UTF-8"?>
<testsuite name="dev.angzarr.client.router.ProcessManagerRouterTest$DispatchTests" tests="4" skipped="0" failures="0" errors="0" timestamp="2026-03-10T20:30:58" hostname="DESKTOP-GJ1OCQP" time="0.002">
  <properties/>
  <testcase name="dispatch_unknown_domain_throws_exception()" classname="dev.angzarr.client.router.ProcessManagerRouterTest$DispatchTests" time="0.0"/>
  <testcase name="dispatch_order_event_produces_command_and_pm_event()" classname="dev.angzarr.client.router.ProcessManagerRouterTest$DispatchTests" time="0.0"/>
  <testcase name="dispatch_empty_trigger_throws_exception()" classname="dev.angzarr.client.router.ProcessManagerRouterTest$DispatchTests" time="0.0"/>
  <testcase name="dispatch_inventory_event_produces_pm_event_only()" classname="dev.angzarr.client.router.ProcessManagerRouterTest$DispatchTests" time="0.0"/>
  <system-out><![CDATA[]]></system-out>
  <system-err><![CDATA[]]></system-err>
</testsuite>
