<?xml version="1.0" encoding="UTF-8"?>
<testsuite name="dev.angzarr.client.router.SagaRouterTest$PrepareDestinationsTests" tests="4" skipped="0" failures="0" errors="0" timestamp="2026-03-10T20:30:58" hostname="DESKTOP-GJ1OCQP" time="0.001">
  <properties/>
  <testcase name="prepareDestinations_for_OrderCancelled_returns_empty()" classname="dev.angzarr.client.router.SagaRouterTest$PrepareDestinationsTests" time="0.0"/>
  <testcase name="prepareDestinations_null_source_returns_empty()" classname="dev.angzarr.client.router.SagaRouterTest$PrepareDestinationsTests" time="0.0"/>
  <testcase name="prepareDestinations_empty_source_returns_empty()" classname="dev.angzarr.client.router.SagaRouterTest$PrepareDestinationsTests" time="0.0"/>
  <testcase name="prepareDestinations_for_OrderCompleted_returns_fulfillment_cover()" classname="dev.angzarr.client.router.SagaRouterTest$PrepareDestinationsTests" time="0.0"/>
  <system-out><![CDATA[]]></system-out>
  <system-err><![CDATA[]]></system-err>
</testsuite>
