<?xml version="1.0" encoding="UTF-8"?>
<testsuite name="dev.angzarr.client.router.ProcessManagerResponseTest" tests="5" skipped="0" failures="0" errors="0" timestamp="2026-03-10T20:30:58" hostname="DESKTOP-GJ1OCQP" time="0.002">
  <properties/>
  <testcase name="empty_response_has_no_commands_or_events()" classname="dev.angzarr.client.router.ProcessManagerResponseTest" time="0.0"/>
  <testcase name="response_with_process_events_only()" classname="dev.angzarr.client.router.ProcessManagerResponseTest" time="0.0"/>
  <testcase name="response_commands_are_accessible()" classname="dev.angzarr.client.router.ProcessManagerResponseTest" time="0.0"/>
  <testcase name="response_with_both_commands_and_events()" classname="dev.angzarr.client.router.ProcessManagerResponseTest" time="0.0"/>
  <testcase name="response_with_commands_only()" classname="dev.angzarr.client.router.ProcessManagerResponseTest" time="0.001"/>
  <system-out><![CDATA[]]></system-out>
  <system-err><![CDATA[]]></system-err>
</testsuite>
