<?xml version="1.0" encoding="UTF-8"?>
<testsuite name="dev.angzarr.client.router.ProjectorRouterTest$DispatchTests" tests="5" skipped="0" failures="0" errors="0" timestamp="2026-03-10T20:30:58" hostname="DESKTOP-GJ1OCQP" time="0.003">
  <properties/>
  <testcase name="dispatch_unknown_domain_throws_exception()" classname="dev.angzarr.client.router.ProjectorRouterTest$DispatchTests" time="0.0"/>
  <testcase name="dispatch_player_event_projects_successfully()" classname="dev.angzarr.client.router.ProjectorRouterTest$DispatchTests" time="0.001"/>
  <testcase name="dispatch_empty_domain_throws_exception()" classname="dev.angzarr.client.router.ProjectorRouterTest$DispatchTests" time="0.0"/>
  <testcase name="dispatch_multiple_pages_projects_all()" classname="dev.angzarr.client.router.ProjectorRouterTest$DispatchTests" time="0.0"/>
  <testcase name="dispatch_hand_event_projects_successfully()" classname="dev.angzarr.client.router.ProjectorRouterTest$DispatchTests" time="0.0"/>
  <system-out><![CDATA[]]></system-out>
  <system-err><![CDATA[]]></system-err>
</testsuite>
