<?xml version="1.0" encoding="UTF-8"?>
<testsuite name="dev.angzarr.client.router.ProcessManagerRouterTest$PrepareDestinationsTests" tests="4" skipped="0" failures="0" errors="0" timestamp="2026-03-10T20:30:58" hostname="DESKTOP-GJ1OCQP" time="0.001">
  <properties/>
  <testcase name="prepareDestinations_empty_trigger_returns_empty()" classname="dev.angzarr.client.router.ProcessManagerRouterTest$PrepareDestinationsTests" time="0.0"/>
  <testcase name="prepareDestinations_null_trigger_returns_empty()" classname="dev.angzarr.client.router.ProcessManagerRouterTest$PrepareDestinationsTests" time="0.0"/>
  <testcase name="prepareDestinations_for_order_event_returns_inventory_cover()" classname="dev.angzarr.client.router.ProcessManagerRouterTest$PrepareDestinationsTests" time="0.0"/>
  <testcase name="prepareDestinations_unknown_domain_returns_empty()" classname="dev.angzarr.client.router.ProcessManagerRouterTest$PrepareDestinationsTests" time="0.0"/>
  <system-out><![CDATA[]]></system-out>
  <system-err><![CDATA[]]></system-err>
</testsuite>
