<?xml version="1.0" encoding="UTF-8"?>
<testsuite name="dev.angzarr.client.router.ProcessManagerRouterTest$BasicRouterTests" tests="4" skipped="0" failures="0" errors="0" timestamp="2026-03-10T20:30:58" hostname="DESKTOP-GJ1OCQP" time="0.003">
  <properties/>
  <testcase name="domain_adds_handler_and_returns_new_router()" classname="dev.angzarr.client.router.ProcessManagerRouterTest$BasicRouterTests" time="0.0"/>
  <testcase name="multiple_domains_registers_all()" classname="dev.angzarr.client.router.ProcessManagerRouterTest$BasicRouterTests" time="0.0"/>
  <testcase name="create_returns_empty_router()" classname="dev.angzarr.client.router.ProcessManagerRouterTest$BasicRouterTests" time="0.0"/>
  <testcase name="subscriptions_includes_event_types_per_domain()" classname="dev.angzarr.client.router.ProcessManagerRouterTest$BasicRouterTests" time="0.001"/>
  <system-out><![CDATA[]]></system-out>
  <system-err><![CDATA[]]></system-err>
</testsuite>
