<?xml version="1.0" encoding="UTF-8"?>
<testsuite name="dev.angzarr.client.router.SagaRouterTest$ErrorHandlingTests" tests="1" skipped="0" failures="0" errors="0" timestamp="2026-03-10T20:30:58" hostname="DESKTOP-GJ1OCQP" time="0.001">
  <properties/>
  <testcase name="dispatch_handler_throws_rejection_wraps_in_router_exception()" classname="dev.angzarr.client.router.SagaRouterTest$ErrorHandlingTests" time="0.001"/>
  <system-out><![CDATA[]]></system-out>
  <system-err><![CDATA[]]></system-err>
</testsuite>
