<?xml version="1.0" encoding="UTF-8"?>
<testsuite name="dev.angzarr.client.router.CommandHandlerRouterTest$BasicRouterTests" tests="5" skipped="0" failures="0" errors="0" timestamp="2026-03-10T20:30:58" hostname="DESKTOP-GJ1OCQP" time="0.002">
  <properties/>
  <testcase name="getDomain_returns_domain()" classname="dev.angzarr.client.router.CommandHandlerRouterTest$BasicRouterTests" time="0.0"/>
  <testcase name="rebuildState_uses_handler_state_router()" classname="dev.angzarr.client.router.CommandHandlerRouterTest$BasicRouterTests" time="0.001"/>
  <testcase name="subscriptions_returns_domain_and_command_types()" classname="dev.angzarr.client.router.CommandHandlerRouterTest$BasicRouterTests" time="0.0"/>
  <testcase name="getCommandTypes_returns_handler_command_types()" classname="dev.angzarr.client.router.CommandHandlerRouterTest$BasicRouterTests" time="0.0"/>
  <testcase name="getName_returns_router_name()" classname="dev.angzarr.client.router.CommandHandlerRouterTest$BasicRouterTests" time="0.0"/>
  <system-out><![CDATA[]]></system-out>
  <system-err><![CDATA[]]></system-err>
</testsuite>
