<?xml version="1.0" encoding="UTF-8"?>
<testsuite name="dev.angzarr.client.router.ProcessManagerRouterTest$StateRebuildingTests" tests="1" skipped="0" failures="0" errors="0" timestamp="2026-03-10T20:30:58" hostname="DESKTOP-GJ1OCQP" time="0.0">
  <properties/>
  <testcase name="rebuildState_uses_provided_function()" classname="dev.angzarr.client.router.ProcessManagerRouterTest$StateRebuildingTests" time="0.0"/>
  <system-out><![CDATA[]]></system-out>
  <system-err><![CDATA[]]></system-err>
</testsuite>
