<?xml version="1.0" encoding="UTF-8"?>
<testsuite name="dev.angzarr.client.router.ProcessManagerRouterTest$ImmutabilityTests" tests="2" skipped="0" failures="0" errors="0" timestamp="2026-03-10T20:30:58" hostname="DESKTOP-GJ1OCQP" time="0.001">
  <properties/>
  <testcase name="domain_returns_new_router_instance()" classname="dev.angzarr.client.router.ProcessManagerRouterTest$ImmutabilityTests" time="0.001"/>
  <testcase name="chained_domain_calls_accumulate()" classname="dev.angzarr.client.router.ProcessManagerRouterTest$ImmutabilityTests" time="0.0"/>
  <system-out><![CDATA[]]></system-out>
  <system-err><![CDATA[]]></system-err>
</testsuite>
